2018-02-06 16:40:24,009 [root] DEBUG: Starting analyzer from: C:\gxwmai
2018-02-06 16:40:24,009 [root] DEBUG: Storing results at: C:\Jysneoqpy
2018-02-06 16:40:24,009 [root] DEBUG: Pipe server name: \\.\PIPE\DuwpQgwom
2018-02-06 16:40:24,009 [root] DEBUG: No analysis package specified, trying to detect it automagically.
2018-02-06 16:40:24,009 [root] INFO: Automatically selected analysis package "exe"
2018-02-06 16:40:24,160 [root] DEBUG: Started auxiliary module Disguise
2018-02-06 16:40:24,170 [root] DEBUG: Started auxiliary module Human
2018-02-06 16:40:24,170 [root] DEBUG: Started auxiliary module Screenshots
2018-02-06 16:40:24,210 [lib.api.process] INFO: Successfully executed process from path "C:\DOCUME~1\cuckoo\LOCALS~1\Temp\dboardman3_malware4.exe" with arguments "" with pid 256
2018-02-06 16:40:24,210 [lib.api.process] DEBUG: Using QueueUserAPC injection.
2018-02-06 16:40:24,210 [lib.api.process] INFO: Successfully injected process with pid 256.
2018-02-06 16:40:26,213 [lib.api.process] INFO: Successfully resumed process with pid 256
2018-02-06 16:40:29,326 [lib.api.process] INFO: Successfully injected process with pid 256
2018-02-06 16:40:29,326 [root] INFO: Added new process to list with pid: 256
2018-02-06 16:40:29,526 [modules.auxiliary.human] INFO: Found button "OK", clicking it
2018-02-06 16:40:30,658 [root] INFO: Announced process name: IEXPLORE.EXE pid: 160
2018-02-06 16:40:30,658 [lib.api.process] DEBUG: Using QueueUserAPC injection.
2018-02-06 16:40:30,658 [lib.api.process] INFO: Successfully injected process with pid 160.
2018-02-06 16:40:40,673 [lib.api.process] ERROR: Timeout waiting for cuckoomon to initialize in pid 160
2018-02-06 16:40:40,673 [root] INFO: Announced process name: IEXPLORE.EXE pid: 160
2018-02-06 16:40:40,703 [lib.api.process] DEBUG: Using CreateRemoteThread injection.
2018-02-06 16:40:40,703 [lib.api.process] INFO: Successfully injected process with pid 160.
2018-02-06 16:40:40,973 [lib.api.process] INFO: Successfully injected process with pid 160
2018-02-06 16:40:40,973 [root] INFO: Added new process to list with pid: 160
2018-02-06 16:40:41,104 [modules.auxiliary.human] INFO: Found button "OK", clicking it
2018-02-06 16:40:41,364 [root] INFO: Process with pid 256 has terminated
2018-02-06 16:40:42,276 [root] INFO: Announced process name: IEXPLORE.EXE pid: 416
2018-02-06 16:40:42,286 [lib.api.process] DEBUG: Using QueueUserAPC injection.
2018-02-06 16:40:42,286 [lib.api.process] INFO: Successfully injected process with pid 416.
2018-02-06 16:40:52,289 [lib.api.process] ERROR: Timeout waiting for cuckoomon to initialize in pid 416
2018-02-06 16:40:52,289 [root] INFO: Announced process name: IEXPLORE.EXE pid: 416
2018-02-06 16:40:52,339 [lib.api.process] DEBUG: Using CreateRemoteThread injection.
2018-02-06 16:40:52,339 [lib.api.process] INFO: Successfully injected process with pid 416.
2018-02-06 16:40:52,450 [lib.api.process] INFO: Successfully injected process with pid 416
2018-02-06 16:40:52,450 [root] INFO: Added new process to list with pid: 416
2018-02-06 16:40:52,680 [modules.auxiliary.human] INFO: Found button "OK", clicking it
2018-02-06 16:50:29,599 [root] INFO: Analysis timeout hit, terminating analysis.
2018-02-06 16:50:29,599 [root] INFO: Analysis completed.
